<?xml version="1.0" encoding="UTF-8"?>
<!-- Generated by org.testng.reporters.JUnitReportReporter -->
<testsuite skipped="0" hostname="M5-L-6128912" name="Tests.SampleTest" tests="1" failures="0" timestamp="08 Mar 2019 05:16:29 GMT" time="122.909" errors="0">
  <testcase name="test" time="122.909" classname="Tests.SampleTest"/>
</testsuite> <!-- Tests.SampleTest -->
